<?xml version="1.0" encoding="UTF-8"?>
<!-- Generated by org.testng.reporters.JUnitReportReporter -->
<testsuite name="testCases.VerifyLogin" tests="1" time="17.512" ignored="0" failures="0" timestamp="27 Jul 2018 08:43:25 GMT" skipped="0" hostname="DESKTOP-DUUDT4J" errors="0">
  <testcase name="verifyLogintoApp" time="17.512" classname="testCases.VerifyLogin"/>
</testsuite> <!-- testCases.VerifyLogin -->
