<?xml version="1.0" encoding="UTF-8"?>
<!-- Generated by org.testng.reporters.JUnitReportReporter -->
<testsuite name="unitTest.VerifyBrowser" tests="1" time="7.633" ignored="0" failures="0" timestamp="08 Jul 2018 19:15:32 GMT" skipped="0" hostname="DESKTOP-DUUDT4J" errors="0">
  <testcase name="verifyStartBrowser" time="7.633" classname="unitTest.VerifyBrowser"/>
</testsuite> <!-- unitTest.VerifyBrowser -->
