<?xml version="1.0" encoding="UTF-8"?>
<!-- Generated by org.testng.reporters.JUnitReportReporter -->
<testsuite name="testCases.CreateContacts" tests="2" time="26.179" ignored="0" failures="0" timestamp="27 Jul 2018 08:50:19 GMT" skipped="0" hostname="DESKTOP-DUUDT4J" errors="0">
  <testcase name="createContact" time="9.699" classname="testCases.CreateContacts"/>
  <testcase name="averifyLogintoApp" time="16.480" classname="testCases.CreateContacts"/>
</testsuite> <!-- testCases.CreateContacts -->
